<?xml version="1.0" encoding="UTF-8"?>
<testng-results skipped="0" failed="0" ignored="0" total="1" passed="1">
  <reporter-output>
  </reporter-output>
  <suite name="BankingAppSuite" duration-ms="36416" started-at="2019-11-13T05:32:13Z" finished-at="2019-11-13T05:32:49Z">
    <groups>
    </groups>
    <test name="BankingApp" duration-ms="36416" started-at="2019-11-13T05:32:13Z" finished-at="2019-11-13T05:32:49Z">
      <class name="com.banking.testcase.TC_LoginTest_001">
        <test-method status="PASS" signature="setUp(java.lang.String)[pri:0, instance:com.banking.testcase.TC_LoginTest_001@4c203ea1]" name="setUp" is-config="true" duration-ms="29891" started-at="2019-11-13T11:02:13Z" finished-at="2019-11-13T11:02:43Z">
          <params>
            <param index="0">
              <value>
                <![CDATA[chrome]]>
              </value>
            </param>
          </params>
          <reporter-output>
          </reporter-output>
        </test-method> <!-- setUp -->
        <test-method status="PASS" signature="loginTest()[pri:0, instance:com.banking.testcase.TC_LoginTest_001@4c203ea1]" name="loginTest" duration-ms="6491" started-at="2019-11-13T11:02:43Z" finished-at="2019-11-13T11:02:49Z">
          <reporter-output>
          </reporter-output>
        </test-method> <!-- loginTest -->
      </class> <!-- com.banking.testcase.TC_LoginTest_001 -->
    </test> <!-- BankingApp -->
  </suite> <!-- BankingAppSuite -->
</testng-results>
