<?xml version="1.0" encoding="UTF-8"?>
<testng-results skipped="0" failed="0" ignored="0" total="1" passed="1">
  <reporter-output>
  </reporter-output>
  <suite name="BankingAppSuite" duration-ms="123849" started-at="2019-11-15T02:42:14Z" finished-at="2019-11-15T02:44:18Z">
    <groups>
    </groups>
    <test name="BankingApp" duration-ms="123849" started-at="2019-11-15T02:42:14Z" finished-at="2019-11-15T02:44:18Z">
      <class name="com.banking.testcase.TC_LoginTest_001">
        <test-method status="PASS" signature="setUp(java.lang.String)[pri:0, instance:com.banking.testcase.TC_LoginTest_001@3532ec19]" name="setUp" is-config="true" duration-ms="104736" started-at="2019-11-15T08:12:14Z" finished-at="2019-11-15T08:13:59Z">
          <params>
            <param index="0">
              <value>
                <![CDATA[chrome]]>
              </value>
            </param>
          </params>
          <reporter-output>
          </reporter-output>
        </test-method> <!-- setUp -->
        <test-method status="PASS" signature="loginTest()[pri:0, instance:com.banking.testcase.TC_LoginTest_001@3532ec19]" name="loginTest" duration-ms="18429" started-at="2019-11-15T08:13:59Z" finished-at="2019-11-15T08:14:17Z">
          <reporter-output>
          </reporter-output>
        </test-method> <!-- loginTest -->
        <test-method status="PASS" signature="tearDown()[pri:0, instance:com.banking.testcase.TC_LoginTest_001@3532ec19]" name="tearDown" is-config="true" duration-ms="658" started-at="2019-11-15T08:14:17Z" finished-at="2019-11-15T08:14:18Z">
          <reporter-output>
          </reporter-output>
        </test-method> <!-- tearDown -->
      </class> <!-- com.banking.testcase.TC_LoginTest_001 -->
    </test> <!-- BankingApp -->
  </suite> <!-- BankingAppSuite -->
</testng-results>
