<?xml version="1.0" encoding="UTF-8"?>
<testng-results skipped="0" failed="0" ignored="0" total="1" passed="1">
  <reporter-output>
  </reporter-output>
  <suite name="BankingAppSuite" duration-ms="30789" started-at="2019-11-12T05:04:40Z" finished-at="2019-11-12T05:05:11Z">
    <groups>
    </groups>
    <test name="BankingApp" duration-ms="30789" started-at="2019-11-12T05:04:40Z" finished-at="2019-11-12T05:05:11Z">
      <class name="com.banking.testcase.TC_LoginTest_001">
        <test-method status="PASS" signature="setUp(java.lang.String)[pri:0, instance:com.banking.testcase.TC_LoginTest_001@26653222]" name="setUp" is-config="true" duration-ms="24118" started-at="2019-11-12T10:34:40Z" finished-at="2019-11-12T10:35:04Z">
          <params>
            <param index="0">
              <value>
                <![CDATA[chrome]]>
              </value>
            </param>
          </params>
          <reporter-output>
          </reporter-output>
        </test-method> <!-- setUp -->
        <test-method status="PASS" signature="loginTest()[pri:0, instance:com.banking.testcase.TC_LoginTest_001@26653222]" name="loginTest" duration-ms="6520" started-at="2019-11-12T10:35:04Z" finished-at="2019-11-12T10:35:11Z">
          <reporter-output>
          </reporter-output>
        </test-method> <!-- loginTest -->
      </class> <!-- com.banking.testcase.TC_LoginTest_001 -->
    </test> <!-- BankingApp -->
  </suite> <!-- BankingAppSuite -->
</testng-results>
